<?xml version="1.0" encoding="UTF-8"?>
<testng-results ignored="0" total="1" passed="1" failed="0" skipped="0">
  <reporter-output>
  </reporter-output>
  <suite started-at="2021-12-29T22:38:09 BDT" name="Default suite" finished-at="2021-12-29T22:39:10 BDT" duration-ms="61029">
    <groups>
    </groups>
    <test started-at="2021-12-29T22:38:09 BDT" name="Default test" finished-at="2021-12-29T22:39:10 BDT" duration-ms="61029">
      <class name="tests.BongoTest">
        <test-method is-config="true" signature="start()[pri:0, instance:tests.BongoTest@71466383]" started-at="2021-12-29T22:38:09 BDT" name="start" finished-at="2021-12-29T22:38:26 BDT" duration-ms="17025" status="PASS">
          <reporter-output>
          </reporter-output>
        </test-method> <!-- start -->
        <test-method signature="amazontest()[pri:0, instance:tests.BongoTest@71466383]" started-at="2021-12-29T22:38:26 BDT" name="amazontest" finished-at="2021-12-29T22:39:10 BDT" duration-ms="43811" status="PASS">
          <reporter-output>
          </reporter-output>
        </test-method> <!-- amazontest -->
      </class> <!-- tests.BongoTest -->
    </test> <!-- Default test -->
  </suite> <!-- Default suite -->
</testng-results>
